<?xml version="1.0" encoding="UTF-8"?>
<robot generator="Robot 6.0.2 (Python 3.11.3 on win32)" generated="20240628 19:54:42.971" rpa="false" schemaversion="3">
<suite id="s1" name="Admin Excel" source="C:\Users\Admin\PycharmProjects\Robotautomation\Data_driven_testcase\admin_excel.robot">
<kw name="Open My Browser" library="admin_resource" type="SETUP">
<kw name="Open Browser" library="SeleniumLibrary">
<arg>${url}</arg>
<arg>${browser}</arg>
<doc>Opens a new browser instance to the optional ``url``.</doc>
<msg timestamp="20240628 19:54:44.713" level="INFO">Opening browser 'chrome' to base url 'https://admin-demo.nopcommerce.com/'.</msg>
<status status="PASS" starttime="20240628 19:54:44.713" endtime="20240628 19:54:48.259"/>
</kw>
<kw name="Maximize Browser Window" library="SeleniumLibrary">
<doc>Maximizes current browser window.</doc>
<status status="PASS" starttime="20240628 19:54:48.259" endtime="20240628 19:54:48.412"/>
</kw>
<kw name="Set Selenium Speed" library="SeleniumLibrary">
<arg>1</arg>
<doc>Sets the delay that is waited after each Selenium command.</doc>
<status status="PASS" starttime="20240628 19:54:48.412" endtime="20240628 19:54:48.413"/>
</kw>
<status status="PASS" starttime="20240628 19:54:44.713" endtime="20240628 19:54:48.413"/>
</kw>
<test id="s1-t1" name="Testin By Excel" line="10">
<kw name="Invalid Inputs">
<arg>9270000548</arg>
<arg>12345</arg>
<kw name="Input Username" library="admin_resource">
<arg>${username}</arg>
<kw name="Clear Element Text" library="SeleniumLibrary">
<arg>//input[@id='Email']</arg>
<doc>Clears the value of the text-input-element identified by ``locator``.</doc>
<status status="PASS" starttime="20240628 19:54:48.418" endtime="20240628 19:54:50.543"/>
</kw>
<kw name="Input Text" library="SeleniumLibrary">
<arg>//input[@id='Email']</arg>
<arg>${username}</arg>
<doc>Types the given ``text`` into the text field identified by ``locator``.</doc>
<msg timestamp="20240628 19:54:50.543" level="INFO">Typing text '9270000548' into text field '//input[@id='Email']'.</msg>
<status status="PASS" starttime="20240628 19:54:50.543" endtime="20240628 19:54:53.689"/>
</kw>
<status status="PASS" starttime="20240628 19:54:48.417" endtime="20240628 19:54:53.689"/>
</kw>
<kw name="Input Password" library="admin_resource">
<arg>${password}</arg>
<kw name="Clear Element Text" library="SeleniumLibrary">
<arg>//input[@id='Password']</arg>
<doc>Clears the value of the text-input-element identified by ``locator``.</doc>
<status status="PASS" starttime="20240628 19:54:53.689" endtime="20240628 19:54:55.771"/>
</kw>
<kw name="Input Text" library="SeleniumLibrary">
<arg>//input[@id='Password']</arg>
<arg>${password}</arg>
<doc>Types the given ``text`` into the text field identified by ``locator``.</doc>
<msg timestamp="20240628 19:54:55.772" level="INFO">Typing text '12345' into text field '//input[@id='Password']'.</msg>
<status status="PASS" starttime="20240628 19:54:55.771" endtime="20240628 19:54:58.899"/>
</kw>
<status status="PASS" starttime="20240628 19:54:53.689" endtime="20240628 19:54:58.899"/>
</kw>
<kw name="Click to Login" library="admin_resource">
<kw name="Click Element" library="SeleniumLibrary">
<arg>//button[normalize-space()='Log in']</arg>
<doc>Click the element identified by ``locator``.</doc>
<msg timestamp="20240628 19:54:58.901" level="INFO">Clicking element '//button[normalize-space()='Log in']'.</msg>
<status status="PASS" starttime="20240628 19:54:58.899" endtime="20240628 19:55:00.978"/>
</kw>
<status status="PASS" starttime="20240628 19:54:58.899" endtime="20240628 19:55:00.978"/>
</kw>
<kw name="Varify Error Message" library="admin_resource">
<kw name="Page Should Contain" library="SeleniumLibrary">
<arg>Login was unsuccessful</arg>
<doc>Verifies that current page contains ``text``.</doc>
<msg timestamp="20240628 19:55:01.985" level="WARN">Keyword 'Capture Page Screenshot' could not be run on failure: Message: no such window: target window already closed
from unknown error: web view not found
  (Session info: chrome=126.0.6478.126)
Stacktrace:
	GetHandleVerifier [0x00007FF6DBE43E42+31618]
	(No symbol) [0x00007FF6DBDBB0A9]
	(No symbol) [0x00007FF6DBC7888A]
	(No symbol) [0x00007FF6DBC4DAE5]
	(No symbol) [0x00007FF6DBCF45A7]
	(No symbol) [0x00007FF6DBD0C131]
	(No symbol) [0x00007FF6DBCECEB3]
	(No symbol) [0x00007FF6DBCBA46B]
	(No symbol) [0x00007FF6DBCBB001]
	GetHandleVerifier [0x00007FF6DC14A01D+3202397]
	GetHandleVerifier [0x00007FF6DC196A3D+3516285]
	GetHandleVerifier [0x00007FF6DC18C4B0+3473904]
	GetHandleVerifier [0x00007FF6DBEF5D46+760454]
	(No symbol) [0x00007FF6DBDC6B4F]
	(No symbol) [0x00007FF6DBDC1CE4]
	(No symbol) [0x00007FF6DBDC1E72]
	(No symbol) [0x00007FF6DBDB121F]
	BaseThreadInitThunk [0x00007FFFE66C7344+20]
	RtlUserThreadStart [0x00007FFFE82A26B1+33]
</msg>
<msg timestamp="20240628 19:55:01.985" level="FAIL">NoSuchWindowException: Message: no such window: target window already closed
from unknown error: web view not found
  (Session info: chrome=126.0.6478.126)
Stacktrace:
	GetHandleVerifier [0x00007FF6DBE43E42+31618]
	(No symbol) [0x00007FF6DBDBB0A9]
	(No symbol) [0x00007FF6DBC7888A]
	(No symbol) [0x00007FF6DBC4DAE5]
	(No symbol) [0x00007FF6DBCF45A7]
	(No symbol) [0x00007FF6DBD0C131]
	(No symbol) [0x00007FF6DBCECEB3]
	(No symbol) [0x00007FF6DBCBA46B]
	(No symbol) [0x00007FF6DBCBB001]
	GetHandleVerifier [0x00007FF6DC14A01D+3202397]
	GetHandleVerifier [0x00007FF6DC196A3D+3516285]
	GetHandleVerifier [0x00007FF6DC18C4B0+3473904]
	GetHandleVerifier [0x00007FF6DBEF5D46+760454]
	(No symbol) [0x00007FF6DBDC6B4F]
	(No symbol) [0x00007FF6DBDC1CE4]
	(No symbol) [0x00007FF6DBDC1E72]
	(No symbol) [0x00007FF6DBDB121F]
	BaseThreadInitThunk [0x00007FFFE66C7344+20]
	RtlUserThreadStart [0x00007FFFE82A26B1+33]
</msg>
<status status="FAIL" starttime="20240628 19:55:00.978" endtime="20240628 19:55:02.000"/>
</kw>
<status status="FAIL" starttime="20240628 19:55:00.978" endtime="20240628 19:55:02.000"/>
</kw>
<status status="FAIL" starttime="20240628 19:54:48.417" endtime="20240628 19:55:02.000"/>
</kw>
<status status="FAIL" starttime="20240628 19:54:48.413" endtime="20240628 19:55:02.000">NoSuchWindowException: Message: no such window: target window already closed
from unknown error: web view not found
  (Session info: chrome=126.0.6478.126)
Stacktrace:
	GetHandleVerifier [0x00007FF6DBE43E42+31618]
	(No symbol) [0x00007FF6DBDBB0A9]
	(No symbol) [0x00007FF6DBC7888A]
	(No symbol) [0x00007FF6DBC4DAE5]
	(No symbol) [0x00007FF6DBCF45A7]
	(No symbol) [0x00007FF6DBD0C131]
	(No symbol) [0x00007FF6DBCECEB3]
	(No symbol) [0x00007FF6DBCBA46B]
	(No symbol) [0x00007FF6DBCBB001]
	GetHandleVerifier [0x00007FF6DC14A01D+3202397]
	GetHandleVerifier [0x00007FF6DC196A3D+3516285]
	GetHandleVerifier [0x00007FF6DC18C4B0+3473904]
	GetHandleVerifier [0x00007FF6DBEF5D46+760454]
	(No symbol) [0x00007FF6DBDC6B4F]
	(No symbol) [0x00007FF6DBDC1CE4]
	(No symbol) [0x00007FF6DBDC1E72]
	(No symbol) [0x00007FF6DBDB121F]
	BaseThreadInitThunk [0x00007FFFE66C7344+20]
	RtlUserThreadStart [0x00007FFFE82A26B1+33]
</status>
</test>
<kw name="Close My Browser" library="admin_resource" type="TEARDOWN">
<kw name="Close All Browsers" library="SeleniumLibrary">
<doc>Closes all open browsers and resets the browser cache.</doc>
<status status="PASS" starttime="20240628 19:55:02.016" endtime="20240628 19:55:05.027"/>
</kw>
<status status="PASS" starttime="20240628 19:55:02.016" endtime="20240628 19:55:05.027"/>
</kw>
<status status="FAIL" starttime="20240628 19:54:42.971" endtime="20240628 19:55:05.027"/>
</suite>
<statistics>
<total>
<stat pass="0" fail="1" skip="0">All Tests</stat>
</total>
<tag>
</tag>
<suite>
<stat pass="0" fail="1" skip="0" id="s1" name="Admin Excel">Admin Excel</stat>
</suite>
</statistics>
<errors>
<msg timestamp="20240628 19:55:01.985" level="WARN">Keyword 'Capture Page Screenshot' could not be run on failure: Message: no such window: target window already closed
from unknown error: web view not found
  (Session info: chrome=126.0.6478.126)
Stacktrace:
	GetHandleVerifier [0x00007FF6DBE43E42+31618]
	(No symbol) [0x00007FF6DBDBB0A9]
	(No symbol) [0x00007FF6DBC7888A]
	(No symbol) [0x00007FF6DBC4DAE5]
	(No symbol) [0x00007FF6DBCF45A7]
	(No symbol) [0x00007FF6DBD0C131]
	(No symbol) [0x00007FF6DBCECEB3]
	(No symbol) [0x00007FF6DBCBA46B]
	(No symbol) [0x00007FF6DBCBB001]
	GetHandleVerifier [0x00007FF6DC14A01D+3202397]
	GetHandleVerifier [0x00007FF6DC196A3D+3516285]
	GetHandleVerifier [0x00007FF6DC18C4B0+3473904]
	GetHandleVerifier [0x00007FF6DBEF5D46+760454]
	(No symbol) [0x00007FF6DBDC6B4F]
	(No symbol) [0x00007FF6DBDC1CE4]
	(No symbol) [0x00007FF6DBDC1E72]
	(No symbol) [0x00007FF6DBDB121F]
	BaseThreadInitThunk [0x00007FFFE66C7344+20]
	RtlUserThreadStart [0x00007FFFE82A26B1+33]
</msg>
</errors>
</robot>
